<?xml version="1.0" encoding="UTF-8"?>
<!-- Generated by org.testng.reporters.JUnitXMLReporter -->
<testsuite ignored="7" hostname="DESKTOP-UB4VEAP" failures="0" tests="6" name="Test" time="34.61" errors="0" timestamp="2023-11-13T02:28:03 CST">
  <testcase classname="TestsCases.LoginTest" name="verifyLoginWithValidCredentials" time="1.218"/>
  <testcase classname="TestsCases.CheckoutTest" name="checkoutTest" time="1.857"/>
  <testcase classname="TestsCases.RegisterTest" name="verifyRegisterWithAllDetail" time="2.117"/>
  <testcase classname="TestsCases.SearchTest" name="searchProductTest" time="0.707"/>
  <testcase classname="TestsCases.SearchTest" name="verifySearchWithInvalidProduct" time="0.679"/>
  <testcase classname="TestsCases.SearchTest" name="verifySearchWithNovalidProduct" time="0.697"/>
  <testcase classname="TestsCases.LoginTest" name="verfiyLoginWithInvalidNoCredentials" time="0.0">
    <ignored/>
  </testcase> <!-- verfiyLoginWithInvalidNoCredentials -->
  <testcase classname="TestsCases.LoginTest" name="verfiyLoginWithInvalidCredentials" time="0.0">
    <ignored/>
  </testcase> <!-- verfiyLoginWithInvalidCredentials -->
  <testcase classname="TestsCases.RegisterTest" name="verifyRegisterWithNoDetails" time="0.0">
    <ignored/>
  </testcase> <!-- verifyRegisterWithNoDetails -->
  <testcase classname="TestsCases.RegisterTest" name="verifyRegisterWithExistingEmail" time="0.0">
    <ignored/>
  </testcase> <!-- verifyRegisterWithExistingEmail -->
  <testcase classname="TestsCases.LoginTest" name="verfiyLoginWithInvalidEmailAndvalidPassword" time="0.0">
    <ignored/>
  </testcase> <!-- verfiyLoginWithInvalidEmailAndvalidPassword -->
  <testcase classname="TestsCases.LoginTest" name="verfiyLoginWithValidEmailAndInvalidPassword" time="0.0">
    <ignored/>
  </testcase> <!-- verfiyLoginWithValidEmailAndInvalidPassword -->
  <testcase classname="TestsCases.CheckoutTest" name="verifyCheckoutWithNoPersonalDetails" time="0.0">
    <ignored/>
  </testcase> <!-- verifyCheckoutWithNoPersonalDetails -->
</testsuite> <!-- Test -->
