<?xml version="1.0" encoding="UTF-8"?>
<testng-results ignored="0" total="6" passed="6" failed="0" skipped="0">
  <reporter-output>
  </reporter-output>
  <suite started-at="2023-11-13T02:27:27 CST" name="Suite" finished-at="2023-11-13T02:28:02 CST" duration-ms="34610">
    <groups>
    </groups>
    <test started-at="2023-11-13T02:27:27 CST" name="Test" finished-at="2023-11-13T02:28:02 CST" duration-ms="34610">
      <class name="TestsCases.LoginTest">
        <test-method is-config="true" signature="launchURL()[pri:0, instance:TestsCases.LoginTest@323b36e0]" started-at="2023-11-13T02:27:28 CST" name="launchURL" finished-at="2023-11-13T02:27:34 CST" duration-ms="6372" status="PASS">
          <reporter-output>
          </reporter-output>
        </test-method> <!-- launchURL -->
        <test-method signature="verifyLoginWithValidCredentials()[pri:1, instance:TestsCases.LoginTest@323b36e0]" started-at="2023-11-13T02:27:34 CST" name="verifyLoginWithValidCredentials" finished-at="2023-11-13T02:27:35 CST" duration-ms="1218" status="PASS">
          <reporter-output>
          </reporter-output>
        </test-method> <!-- verifyLoginWithValidCredentials -->
        <test-method is-config="true" signature="tearDown()[pri:0, instance:TestsCases.LoginTest@323b36e0]" started-at="2023-11-13T02:27:35 CST" name="tearDown" finished-at="2023-11-13T02:27:35 CST" duration-ms="123" status="PASS">
          <reporter-output>
          </reporter-output>
        </test-method> <!-- tearDown -->
      </class> <!-- TestsCases.LoginTest -->
      <class name="TestsCases.SearchTest">
        <test-method is-config="true" signature="launchURL()[pri:0, instance:TestsCases.SearchTest@7e07db1f]" started-at="2023-11-13T02:27:48 CST" name="launchURL" finished-at="2023-11-13T02:27:52 CST" duration-ms="3882" status="PASS">
          <reporter-output>
          </reporter-output>
        </test-method> <!-- launchURL -->
        <test-method signature="searchProductTest()[pri:1, instance:TestsCases.SearchTest@7e07db1f]" started-at="2023-11-13T02:27:52 CST" name="searchProductTest" finished-at="2023-11-13T02:27:52 CST" duration-ms="707" status="PASS">
          <reporter-output>
          </reporter-output>
        </test-method> <!-- searchProductTest -->
        <test-method is-config="true" signature="tearDown()[pri:0, instance:TestsCases.SearchTest@7e07db1f]" started-at="2023-11-13T02:27:52 CST" name="tearDown" finished-at="2023-11-13T02:27:53 CST" duration-ms="138" status="PASS">
          <reporter-output>
          </reporter-output>
        </test-method> <!-- tearDown -->
        <test-method is-config="true" signature="launchURL()[pri:0, instance:TestsCases.SearchTest@7e07db1f]" started-at="2023-11-13T02:27:53 CST" name="launchURL" finished-at="2023-11-13T02:27:57 CST" duration-ms="3958" status="PASS">
          <reporter-output>
          </reporter-output>
        </test-method> <!-- launchURL -->
        <test-method signature="verifySearchWithInvalidProduct()[pri:2, instance:TestsCases.SearchTest@7e07db1f]" started-at="2023-11-13T02:27:57 CST" name="verifySearchWithInvalidProduct" finished-at="2023-11-13T02:27:57 CST" duration-ms="679" status="PASS">
          <reporter-output>
          </reporter-output>
        </test-method> <!-- verifySearchWithInvalidProduct -->
        <test-method is-config="true" signature="tearDown()[pri:0, instance:TestsCases.SearchTest@7e07db1f]" started-at="2023-11-13T02:27:57 CST" name="tearDown" finished-at="2023-11-13T02:27:57 CST" duration-ms="119" status="PASS">
          <reporter-output>
          </reporter-output>
        </test-method> <!-- tearDown -->
        <test-method is-config="true" signature="launchURL()[pri:0, instance:TestsCases.SearchTest@7e07db1f]" started-at="2023-11-13T02:27:57 CST" name="launchURL" finished-at="2023-11-13T02:28:01 CST" duration-ms="3889" status="PASS">
          <reporter-output>
          </reporter-output>
        </test-method> <!-- launchURL -->
        <test-method signature="verifySearchWithNovalidProduct()[pri:3, instance:TestsCases.SearchTest@7e07db1f]" started-at="2023-11-13T02:28:01 CST" name="verifySearchWithNovalidProduct" finished-at="2023-11-13T02:28:02 CST" duration-ms="697" status="PASS">
          <reporter-output>
          </reporter-output>
        </test-method> <!-- verifySearchWithNovalidProduct -->
        <test-method is-config="true" signature="tearDown()[pri:0, instance:TestsCases.SearchTest@7e07db1f]" started-at="2023-11-13T02:28:02 CST" name="tearDown" finished-at="2023-11-13T02:28:02 CST" duration-ms="130" status="PASS">
          <reporter-output>
          </reporter-output>
        </test-method> <!-- tearDown -->
      </class> <!-- TestsCases.SearchTest -->
      <class name="TestsCases.CheckoutTest">
        <test-method is-config="true" signature="launchURL()[pri:0, instance:TestsCases.CheckoutTest@3a93b025]" started-at="2023-11-13T02:27:35 CST" name="launchURL" finished-at="2023-11-13T02:27:40 CST" duration-ms="4481" status="PASS">
          <reporter-output>
          </reporter-output>
        </test-method> <!-- launchURL -->
        <test-method signature="checkoutTest()[pri:1, instance:TestsCases.CheckoutTest@3a93b025]" started-at="2023-11-13T02:27:40 CST" name="checkoutTest" finished-at="2023-11-13T02:27:42 CST" duration-ms="1857" status="PASS">
          <reporter-output>
          </reporter-output>
        </test-method> <!-- checkoutTest -->
        <test-method is-config="true" signature="tearDown()[pri:0, instance:TestsCases.CheckoutTest@3a93b025]" started-at="2023-11-13T02:27:42 CST" name="tearDown" finished-at="2023-11-13T02:27:42 CST" duration-ms="138" status="PASS">
          <reporter-output>
          </reporter-output>
        </test-method> <!-- tearDown -->
      </class> <!-- TestsCases.CheckoutTest -->
      <class name="TestsCases.RegisterTest">
        <test-method is-config="true" signature="launchURL()[pri:0, instance:TestsCases.RegisterTest@35cabb2a]" started-at="2023-11-13T02:27:42 CST" name="launchURL" finished-at="2023-11-13T02:27:46 CST" duration-ms="3765" status="PASS">
          <reporter-output>
          </reporter-output>
        </test-method> <!-- launchURL -->
        <test-method signature="verifyRegisterWithAllDetail()[pri:1, instance:TestsCases.RegisterTest@35cabb2a]" started-at="2023-11-13T02:27:46 CST" name="verifyRegisterWithAllDetail" finished-at="2023-11-13T02:27:48 CST" duration-ms="2117" status="PASS">
          <reporter-output>
          </reporter-output>
        </test-method> <!-- verifyRegisterWithAllDetail -->
        <test-method is-config="true" signature="tearDown()[pri:0, instance:TestsCases.RegisterTest@35cabb2a]" started-at="2023-11-13T02:27:48 CST" name="tearDown" finished-at="2023-11-13T02:27:48 CST" duration-ms="134" status="PASS">
          <reporter-output>
          </reporter-output>
        </test-method> <!-- tearDown -->
      </class> <!-- TestsCases.RegisterTest -->
    </test> <!-- Test -->
  </suite> <!-- Suite -->
</testng-results>
